Determining if the pthread_create exist failed with the following output:
Change Dir: /home/ajit/Desktop/ceres-solver/curveFitting/CMakeFiles/CMakeTmp

Run Build Command:"/usr/bin/make" "cmTC_37153/fast"
/usr/bin/make -f CMakeFiles/cmTC_37153.dir/build.make CMakeFiles/cmTC_37153.dir/build
make[1]: Entering directory '/home/ajit/Desktop/ceres-solver/curveFitting/CMakeFiles/CMakeTmp'
Building C object CMakeFiles/cmTC_37153.dir/CheckSymbolExists.c.o
/usr/bin/cc    -o CMakeFiles/cmTC_37153.dir/CheckSymbolExists.c.o   -c /home/ajit/Desktop/ceres-solver/curveFitting/CMakeFiles/CMakeTmp/CheckSymbolExists.c
Linking C executable cmTC_37153
/usr/bin/cmake -E cmake_link_script CMakeFiles/cmTC_37153.dir/link.txt --verbose=1
/usr/bin/cc      -rdynamic CMakeFiles/cmTC_37153.dir/CheckSymbolExists.c.o  -o cmTC_37153 
CMakeFiles/cmTC_37153.dir/CheckSymbolExists.c.o: In function `main':
CheckSymbolExists.c:(.text+0x1b): undefined reference to `pthread_create'
collect2: error: ld returned 1 exit status
CMakeFiles/cmTC_37153.dir/build.make:97: recipe for target 'cmTC_37153' failed
make[1]: *** [cmTC_37153] Error 1
make[1]: Leaving directory '/home/ajit/Desktop/ceres-solver/curveFitting/CMakeFiles/CMakeTmp'
Makefile:126: recipe for target 'cmTC_37153/fast' failed
make: *** [cmTC_37153/fast] Error 2

File /home/ajit/Desktop/ceres-solver/curveFitting/CMakeFiles/CMakeTmp/CheckSymbolExists.c:
/* */
#include <pthread.h>

int main(int argc, char** argv)
{
  (void)argv;
#ifndef pthread_create
  return ((int*)(&pthread_create))[argc];
#else
  (void)argc;
  return 0;
#endif
}

Determining if the function pthread_create exists in the pthreads failed with the following output:
Change Dir: /home/ajit/Desktop/ceres-solver/curveFitting/CMakeFiles/CMakeTmp

Run Build Command:"/usr/bin/make" "cmTC_52ace/fast"
/usr/bin/make -f CMakeFiles/cmTC_52ace.dir/build.make CMakeFiles/cmTC_52ace.dir/build
make[1]: Entering directory '/home/ajit/Desktop/ceres-solver/curveFitting/CMakeFiles/CMakeTmp'
Building C object CMakeFiles/cmTC_52ace.dir/CheckFunctionExists.c.o
/usr/bin/cc   -DCHECK_FUNCTION_EXISTS=pthread_create   -o CMakeFiles/cmTC_52ace.dir/CheckFunctionExists.c.o   -c /usr/share/cmake-3.10/Modules/CheckFunctionExists.c
Linking C executable cmTC_52ace
/usr/bin/cmake -E cmake_link_script CMakeFiles/cmTC_52ace.dir/link.txt --verbose=1
/usr/bin/cc  -DCHECK_FUNCTION_EXISTS=pthread_create    -rdynamic CMakeFiles/cmTC_52ace.dir/CheckFunctionExists.c.o  -o cmTC_52ace -lpthreads 
/usr/bin/ld: cannot find -lpthreads
collect2: error: ld returned 1 exit status
CMakeFiles/cmTC_52ace.dir/build.make:97: recipe for target 'cmTC_52ace' failed
make[1]: *** [cmTC_52ace] Error 1
make[1]: Leaving directory '/home/ajit/Desktop/ceres-solver/curveFitting/CMakeFiles/CMakeTmp'
Makefile:126: recipe for target 'cmTC_52ace/fast' failed
make: *** [cmTC_52ace/fast] Error 2


